                                                                                    --| [98, 84, 54, 91]
                                                               --| [98, 2, 80, 67]
                                                                                    --| [74, 29, 46, 66]
                                          --| [80, 78, 37, 90]
                                                                                    --| [62, 14, 37, 87]
                                                               --| [64, 83, 30, 64]
                                                                                    --| [69, 4, 29, 48]
                     --| [96, 2, 38, 64]
                                                                                    --| [95, 0, 86, 60]
                                                               --| [77, 0, 64, 4]
                                                                                    --| [65, 0, 85, 2]
                                          --| [66, 0, 59, 19]
                                                                                    --| [72, 0, 2, 84]
                                                               --| [66, 0, 48, 42]
                                                                                    --| [62, 0, 2, 2]
--| [59, 96, 86, 25]
                                                                                    --| [47, 1, 49, 94]
                                                               --| [56, 60, 51, 73]
                                                                                    --| [12, 57, 39, 24]
                                          --| [47, 11, 26, 9]
                                                                                    --| [40, 76, 12, 70]
                                                               --| [19, 11, 0, 64]
                                                                                    --| [46, 0, 18, 60]
                     --| [41, 0, 5, 41]
                                                                                    --| [16, 0, 55, 53]
                                                               --| [2, 0, 59, 47]
                                                                                    --| [12, 0, 40, 38]
                                          --| [27, 0, 23, 40]
                                                                                    --| [32, 0, 17, 34]
                                                               --| [1, 0, 20, 9]
                                                                                    --| [24, 0, 10, 0]
